/*C1172*/SET SCHEMA PUBLIC
INSERT INTO LANCE VALUES(18,'2018-09-04 01:06:04.053000',14.0E0,53,163)
COMMIT
INSERT INTO LANCE VALUES(19,'2018-09-04 01:06:09.995000',15.0E0,53,162)
COMMIT
DISCONNECT
/*C1173*/SET SCHEMA PUBLIC
DISCONNECT
/*C1174*/SET SCHEMA PUBLIC
DISCONNECT
/*C1177*/SET SCHEMA PUBLIC
DELETE FROM LANCE WHERE ID=17
DELETE FROM LANCE WHERE ID=18
DELETE FROM LANCE WHERE ID=19
DELETE FROM LEILAO WHERE ID=53
DELETE FROM USUARIO WHERE ID=162
DELETE FROM USUARIO WHERE ID=163
COMMIT
INSERT INTO USUARIO VALUES(164,'phenrique@somecompany.com','Paulo Henrique')
COMMIT
INSERT INTO USUARIO VALUES(165,'mmadalena@somecompany.com','Maria Madalena')
COMMIT
INSERT INTO LEILAO VALUES(54,'2018-09-04 01:07:50.765000','Geladeira','1',123.0E0,164)
COMMIT
INSERT INTO LANCE VALUES(20,'2018-09-04 01:07:51.373000',13.0E0,54,165)
COMMIT
DISCONNECT
/*C1176*/SET SCHEMA PUBLIC
DISCONNECT
/*C1175*/SET SCHEMA PUBLIC
DISCONNECT
